\BOOKMARK [0][-]{chapter.1}{\376\377\000I\000l\000\040\000p\000r\000o\000g\000e\000t\000t\000o\000\040\000i\000n\000\040\000b\000r\000e\000v\000e}{}% 1
\BOOKMARK [1][-]{section.1.1}{\376\377\000S\000u\000d\000d\000i\000v\000i\000s\000i\000o\000n\000e\000\040\000i\000n\000\040\000m\000o\000d\000u\000l\000i}{chapter.1}% 2
\BOOKMARK [1][-]{section.1.2}{\376\377\000S\000c\000r\000e\000e\000n\000s\000h\000o\000t\000s}{chapter.1}% 3
\BOOKMARK [0][-]{chapter.2}{\376\377\000I\000n\000s\000t\000a\000l\000l\000a\000z\000i\000o\000n\000e}{}% 4
\BOOKMARK [1][-]{section.2.1}{\376\377\000P\000r\000e\000r\000e\000q\000u\000i\000s\000i\000t\000i}{chapter.2}% 5
\BOOKMARK [1][-]{section.2.2}{\376\377\000C\000r\000e\000a\000r\000e\000\040\000u\000n\000\040\000n\000u\000o\000v\000o\000\040\000u\000t\000e\000n\000t\000e}{chapter.2}% 6
\BOOKMARK [1][-]{section.2.3}{\376\377\000S\000c\000a\000r\000i\000c\000a\000r\000e\000\040\000i\000l\000\040\000c\000o\000d\000i\000c\000e\000\040\000s\000o\000r\000g\000e\000n\000t\000e}{chapter.2}% 7
\BOOKMARK [1][-]{section.2.4}{\376\377\000C\000r\000e\000a\000r\000e\000\040\000i\000l\000\040\000d\000a\000t\000a\000b\000a\000s\000e}{chapter.2}% 8
\BOOKMARK [1][-]{section.2.5}{\376\377\000C\000r\000e\000a\000r\000e\000\040\000u\000n\000\040\000f\000i\000l\000e\000\040\000d\000i\000\040\000c\000o\000n\000f\000i\000g\000u\000r\000a\000z\000i\000o\000n\000e\000\040\000p\000e\000r\000\040\000i\000l\000\040\000b\000a\000c\000k\000e\000n\000d}{chapter.2}% 9
\BOOKMARK [1][-]{section.2.6}{\376\377\000I\000n\000s\000t\000a\000l\000l\000a\000r\000e\000\040\000l\000e\000\040\000d\000i\000p\000e\000n\000d\000e\000n\000z\000e\000\040\000P\000y\000t\000h\000o\000n}{chapter.2}% 10
\BOOKMARK [1][-]{section.2.7}{\376\377\000I\000n\000s\000t\000a\000l\000l\000a\000r\000e\000\040\000l\000e\000\040\000d\000i\000p\000e\000n\000d\000e\000n\000z\000e\000\040\000N\000o\000d\000e\000J\000S}{chapter.2}% 11
\BOOKMARK [1][-]{section.2.8}{\376\377\000C\000r\000e\000a\000r\000e\000\040\000u\000n\000\040\000s\000e\000r\000v\000i\000z\000i\000o\000\040\000S\000y\000s\000t\000e\000m\000D\000\040\000p\000e\000r\000\040\000i\000l\000\040\000b\000a\000c\000k\000e\000n\000d}{chapter.2}% 12
\BOOKMARK [1][-]{section.2.9}{\376\377\000C\000o\000m\000p\000i\000l\000a\000r\000e\000\040\000i\000l\000\040\000f\000r\000o\000n\000t\000e\000n\000d}{chapter.2}% 13
\BOOKMARK [1][-]{section.2.10}{\376\377\000C\000r\000e\000a\000r\000e\000\040\000u\000n\000\040\000s\000e\000r\000v\000i\000z\000i\000o\000\040\000S\000y\000s\000t\000e\000m\000D\000\040\000p\000e\000r\000\040\000i\000l\000\040\000f\000r\000o\000n\000t\000e\000n\000d}{chapter.2}% 14
\BOOKMARK [1][-]{section.2.11}{\376\377\000C\000r\000e\000a\000r\000e\000\040\000u\000n\000\040\000s\000e\000r\000v\000i\000z\000i\000o\000\040\000S\000y\000s\000t\000e\000m\000D\000\040\000p\000e\000r\000\040\000i\000l\000\040\000c\000r\000a\000w\000l\000e\000r}{chapter.2}% 15
\BOOKMARK [1][-]{section.2.12}{\376\377\000C\000o\000n\000f\000i\000g\000u\000r\000a\000r\000e\000\040\000i\000l\000\040\000c\000r\000a\000w\000l\000e\000r}{chapter.2}% 16
\BOOKMARK [1][-]{section.2.13}{\376\377\000C\000r\000e\000a\000r\000e\000\040\000u\000n\000\040\000t\000i\000m\000e\000r\000\040\000S\000y\000s\000t\000e\000m\000D\000\040\000p\000e\000r\000\040\000i\000l\000\040\000c\000r\000a\000w\000l\000e\000r}{chapter.2}% 17
\BOOKMARK [1][-]{section.2.14}{\376\377\000C\000o\000n\000f\000i\000g\000u\000r\000a\000r\000e\000\040\000A\000p\000a\000c\000h\000e\000\040\000c\000o\000m\000e\000\040\000r\000e\000v\000e\000r\000s\000e\000\040\000p\000r\000o\000x\000y}{chapter.2}% 18
\BOOKMARK [0][-]{chapter.3}{\376\377\000A\000g\000g\000i\000o\000r\000n\000a\000m\000e\000n\000t\000o}{}% 19
\BOOKMARK [0][-]{chapter.4}{\376\377\000I\000n\000t\000r\000o\000d\000u\000z\000i\000o\000n\000e}{}% 20
\BOOKMARK [1][-]{section.4.1}{\376\377\000O\000b\000i\000e\000t\000t\000i\000v\000o}{chapter.4}% 21
\BOOKMARK [1][-]{section.4.2}{\376\377\000C\000a\000m\000p\000o\000\040\000d\000i\000\040\000a\000p\000p\000l\000i\000c\000a\000z\000i\000o\000n\000e}{chapter.4}% 22
\BOOKMARK [1][-]{section.4.3}{\376\377\000C\000a\000r\000a\000t\000t\000e\000r\000i\000s\000t\000i\000c\000h\000e\000\040\000d\000e\000g\000l\000i\000\040\000u\000t\000e\000n\000t\000i}{chapter.4}% 23
\BOOKMARK [1][-]{section.4.4}{\376\377\000G\000l\000o\000s\000s\000a\000r\000i\000o}{chapter.4}% 24
\BOOKMARK [1][-]{section.4.5}{\376\377\000M\000a\000c\000r\000o\000-\000f\000u\000n\000z\000i\000o\000n\000a\000l\000i\000t\000\340}{chapter.4}% 25
\BOOKMARK [1][-]{section.4.6}{\376\377\000C\000a\000s\000i\000\040\000d\000\047\000u\000s\000o}{chapter.4}% 26
\BOOKMARK [1][-]{section.4.7}{\376\377\000B\000a\000c\000k\000l\000o\000g\000\040\000g\000e\000n\000e\000r\000a\000l\000e}{chapter.4}% 27
\BOOKMARK [0][-]{chapter.5}{\376\377\000S\000t\000r\000u\000m\000e\000n\000t\000i\000\040\000u\000t\000i\000l\000i\000z\000z\000a\000t\000i}{}% 28
\BOOKMARK [0][-]{chapter.6}{\376\377\000P\000r\000o\000c\000e\000s\000s\000o\000\040\000d\000i\000\040\000s\000v\000i\000l\000u\000p\000p\000o}{}% 29
\BOOKMARK [1][-]{section.6.1}{\376\377\000R\000u\000o\000l\000i}{chapter.6}% 30
\BOOKMARK [1][-]{section.6.2}{\376\377\000S\000p\000r\000i\000n\000t}{chapter.6}% 31
\BOOKMARK [2][-]{subsection.6.2.1}{\376\377\000S\000p\000r\000i\000n\000t\000\040\0000\000:\000\040\0000\0004\000\040\000A\000p\000r\000\040\000-\000\040\0001\0008\000\040\000A\000p\000r}{section.6.2}% 32
\BOOKMARK [3][-]{subsubsection.6.2.1.1}{\376\377\000C\000o\000n\000s\000e\000g\000n\000a}{subsection.6.2.1}% 33
\BOOKMARK [3][-]{subsubsection.6.2.1.2}{\376\377\000D\000e\000f\000i\000n\000i\000t\000i\000o\000n\000\040\000o\000f\000\040\000R\000e\000a\000d\000y}{subsection.6.2.1}% 34
\BOOKMARK [3][-]{subsubsection.6.2.1.3}{\376\377\000D\000e\000f\000i\000n\000i\000t\000i\000o\000n\000\040\000o\000f\000\040\000D\000o\000n\000e}{subsection.6.2.1}% 35
\BOOKMARK [3][-]{subsubsection.6.2.1.4}{\376\377\000S\000t\000a\000t\000i\000s\000t\000i\000c\000h\000e}{subsection.6.2.1}% 36
\BOOKMARK [3][-]{subsubsection.6.2.1.5}{\376\377\000S\000p\000r\000i\000n\000t\000\040\000R\000e\000t\000r\000o\000s\000p\000e\000c\000t\000i\000v\000e}{subsection.6.2.1}% 37
\BOOKMARK [3][-]{subsubsection.6.2.1.6}{\376\377\000S\000p\000r\000i\000n\000t\000\040\000R\000e\000v\000i\000e\000w}{subsection.6.2.1}% 38
\BOOKMARK [3][-]{subsubsection.6.2.1.7}{\376\377\000A\000r\000t\000e\000f\000a\000t\000t\000i}{subsection.6.2.1}% 39
\BOOKMARK [3][-]{subsubsection.6.2.1.8}{\376\377\000R\000e\000g\000i\000s\000t\000r\000o\000\040\000a\000t\000t\000i\000v\000i\000t\000\340}{subsection.6.2.1}% 40
\BOOKMARK [3][-]{subsubsection.6.2.1.9}{\376\377\000R\000i\000s\000u\000l\000t\000a\000t\000i\000\040\000d\000e\000l\000l\000a\000\040\000p\000a\000r\000t\000i\000t\000a\000\040\000d\000i\000\040\000S\000c\000r\000u\000m\000b\000l\000e}{subsection.6.2.1}% 41
\BOOKMARK [2][-]{subsection.6.2.2}{\376\377\000S\000p\000r\000i\000n\000t\000\040\0001\000:\000\040\0001\0009\000\040\000A\000p\000r\000\040\000-\000\040\0000\0002\000\040\000M\000a\000g}{section.6.2}% 42
\BOOKMARK [3][-]{subsubsection.6.2.2.1}{\376\377\000C\000o\000n\000s\000e\000g\000n\000a}{subsection.6.2.2}% 43
\BOOKMARK [3][-]{subsubsection.6.2.2.2}{\376\377\000G\000o\000a\000l}{subsection.6.2.2}% 44
\BOOKMARK [3][-]{subsubsection.6.2.2.3}{\376\377\000D\000e\000f\000i\000n\000i\000t\000i\000o\000n\000\040\000o\000f\000\040\000R\000e\000a\000d\000y}{subsection.6.2.2}% 45
\BOOKMARK [3][-]{subsubsection.6.2.2.4}{\376\377\000D\000e\000f\000i\000n\000i\000t\000i\000o\000n\000\040\000o\000f\000\040\000D\000o\000n\000e}{subsection.6.2.2}% 46
\BOOKMARK [3][-]{subsubsection.6.2.2.5}{\376\377\000S\000t\000a\000t\000i\000s\000t\000i\000c\000h\000e}{subsection.6.2.2}% 47
\BOOKMARK [3][-]{subsubsection.6.2.2.6}{\376\377\000S\000p\000r\000i\000n\000t\000\040\000R\000e\000t\000r\000o\000s\000p\000e\000c\000t\000i\000v\000e}{subsection.6.2.2}% 48
\BOOKMARK [3][-]{subsubsection.6.2.2.7}{\376\377\000S\000p\000r\000i\000n\000t\000\040\000R\000e\000v\000i\000e\000w}{subsection.6.2.2}% 49
\BOOKMARK [3][-]{subsubsection.6.2.2.8}{\376\377\000V\000a\000l\000u\000t\000a\000z\000i\000o\000n\000e\000\040\000s\000u\000l\000\040\000d\000e\000b\000i\000t\000o\000\040\000t\000e\000c\000n\000i\000c\000o}{subsection.6.2.2}% 50
\BOOKMARK [3][-]{subsubsection.6.2.2.9}{\376\377\000V\000a\000l\000u\000t\000a\000z\000i\000o\000n\000e\000\040\000s\000u\000l\000l\000e\000\040\000U\000s\000e\000r\000\040\000S\000t\000o\000r\000i\000e\000s}{subsection.6.2.2}% 51
\BOOKMARK [3][-]{subsubsection.6.2.2.10}{\376\377\000R\000e\000g\000i\000s\000t\000r\000o\000\040\000a\000t\000t\000i\000v\000i\000t\000\340}{subsection.6.2.2}% 52
\BOOKMARK [2][-]{subsection.6.2.3}{\376\377\000S\000p\000r\000i\000n\000t\000\040\0002\000:\000\040\0000\0003\000\040\000M\000a\000g\000\040\000-\000\040\0001\0006\000\040\000M\000a\000g}{section.6.2}% 53
\BOOKMARK [3][-]{subsubsection.6.2.3.1}{\376\377\000C\000o\000n\000s\000e\000g\000n\000a}{subsection.6.2.3}% 54
\BOOKMARK [3][-]{subsubsection.6.2.3.2}{\376\377\000G\000o\000a\000l}{subsection.6.2.3}% 55
\BOOKMARK [3][-]{subsubsection.6.2.3.3}{\376\377\000D\000e\000f\000i\000n\000i\000t\000i\000o\000n\000\040\000o\000f\000\040\000R\000e\000a\000d\000y}{subsection.6.2.3}% 56
\BOOKMARK [3][-]{subsubsection.6.2.3.4}{\376\377\000D\000e\000f\000i\000n\000i\000t\000i\000o\000n\000\040\000o\000f\000\040\000D\000o\000n\000e}{subsection.6.2.3}% 57
\BOOKMARK [3][-]{subsubsection.6.2.3.5}{\376\377\000S\000t\000a\000t\000i\000s\000t\000i\000c\000h\000e}{subsection.6.2.3}% 58
\BOOKMARK [3][-]{subsubsection.6.2.3.6}{\376\377\000S\000p\000r\000i\000n\000t\000\040\000R\000e\000t\000r\000o\000s\000p\000e\000c\000t\000i\000v\000e}{subsection.6.2.3}% 59
\BOOKMARK [3][-]{subsubsection.6.2.3.7}{\376\377\000S\000p\000r\000i\000n\000t\000\040\000R\000e\000v\000i\000e\000w}{subsection.6.2.3}% 60
\BOOKMARK [3][-]{subsubsection.6.2.3.8}{\376\377\000R\000e\000g\000i\000s\000t\000r\000o\000\040\000a\000t\000t\000i\000v\000i\000t\000\340}{subsection.6.2.3}% 61
\BOOKMARK [2][-]{subsection.6.2.4}{\376\377\000S\000p\000r\000i\000n\000t\000\040\0003\000:\000\040\0001\0007\000\040\000M\000a\000g\000\040\000-\000\040\0003\0000\000\040\000M\000a\000g}{section.6.2}% 62
\BOOKMARK [3][-]{subsubsection.6.2.4.1}{\376\377\000C\000o\000n\000s\000e\000g\000n\000a}{subsection.6.2.4}% 63
\BOOKMARK [3][-]{subsubsection.6.2.4.2}{\376\377\000G\000o\000a\000l}{subsection.6.2.4}% 64
\BOOKMARK [3][-]{subsubsection.6.2.4.3}{\376\377\000G\000r\000o\000o\000m\000i\000n\000g\000\040\000s\000e\000s\000s\000i\000o\000n}{subsection.6.2.4}% 65
\BOOKMARK [3][-]{subsubsection.6.2.4.4}{\376\377\000D\000e\000f\000i\000n\000i\000t\000i\000o\000n\000\040\000o\000f\000\040\000R\000e\000a\000d\000y}{subsection.6.2.4}% 66
\BOOKMARK [3][-]{subsubsection.6.2.4.5}{\376\377\000D\000e\000f\000i\000n\000i\000t\000i\000o\000n\000\040\000o\000f\000\040\000D\000o\000n\000e}{subsection.6.2.4}% 67
\BOOKMARK [3][-]{subsubsection.6.2.4.6}{\376\377\000S\000t\000a\000t\000i\000s\000t\000i\000c\000h\000e}{subsection.6.2.4}% 68
\BOOKMARK [3][-]{subsubsection.6.2.4.7}{\376\377\000F\000i\000n\000a\000l\000\040\000R\000e\000t\000r\000o\000s\000p\000e\000c\000t\000i\000v\000e}{subsection.6.2.4}% 69
\BOOKMARK [3][-]{subsubsection.6.2.4.8}{\376\377\000D\000e\000m\000o}{subsection.6.2.4}% 70
\BOOKMARK [3][-]{subsubsection.6.2.4.9}{\376\377\000R\000e\000g\000i\000s\000t\000r\000o\000\040\000a\000t\000t\000i\000v\000i\000t\000\340}{subsection.6.2.4}% 71
\BOOKMARK [1][-]{section.6.3}{\376\377\000B\000u\000r\000n\000d\000o\000w\000n\000\040\000c\000h\000a\000r\000t\000\040\000c\000o\000m\000p\000l\000e\000s\000s\000i\000v\000a}{chapter.6}% 72
\BOOKMARK [0][-]{chapter.7}{\376\377\000A\000r\000t\000e\000f\000a\000t\000t\000i}{}% 73
\BOOKMARK [1][-]{section.7.1}{\376\377\000D\000i\000a\000g\000r\000a\000m\000m\000i\000\040\000U\000M\000L}{chapter.7}% 74
\BOOKMARK [1][-]{section.7.2}{\376\377\000D\000e\000m\000o}{chapter.7}% 75
\BOOKMARK [2][-]{subsection.7.2.1}{\376\377\000V\000i\000d\000e\000o}{section.7.2}% 76
\BOOKMARK [2][-]{subsection.7.2.2}{\376\377\000I\000n\000t\000e\000r\000a\000t\000t\000i\000v\000a}{section.7.2}% 77
\BOOKMARK [0][-]{chapter.8}{\376\377\000C\000o\000n\000c\000l\000u\000s\000i\000o\000n\000i}{}% 78
\BOOKMARK [0][-]{chapter.9}{\376\377\000S\000u\000g\000g\000e\000r\000i\000m\000e\000n\000t\000i\000\040\000r\000e\000l\000a\000t\000i\000v\000i\000\040\000a\000l\000\040\000c\000o\000r\000s\000o}{}% 79
\BOOKMARK [0][-]{chapter.10}{\376\377\000M\000e\000t\000a\000-\000d\000o\000c\000u\000m\000e\000n\000t\000a\000z\000i\000o\000n\000e}{}% 80
\BOOKMARK [1][-]{section.10.1}{\376\377\000C\000o\000m\000p\000i\000l\000a\000z\000i\000o\000n\000e\000\040\000c\000o\000n\000\040\000I\000n\000t\000e\000l\000l\000i\000J\000\040\000I\000D\000E\000A}{chapter.10}% 81
\BOOKMARK [1][-]{section.10.2}{\376\377\000C\000o\000m\000p\000i\000l\000a\000z\000i\000o\000n\000e\000\040\000c\000o\000n\000\040\000G\000N\000U\000\040\000M\000a\000k\000e}{chapter.10}% 82
\BOOKMARK [1][-]{section.10.3}{\376\377\000C\000o\000m\000p\000i\000l\000a\000z\000i\000o\000n\000e\000\040\000c\000o\000n\000\040\000W\000i\000n\000d\000o\000w\000s\000\040\000P\000o\000w\000e\000r\000s\000h\000e\000l\000l}{chapter.10}% 83
\BOOKMARK [0][-]{chapter.11}{\376\377\000S\000t\000r\000u\000t\000t\000u\000r\000a\000\040\000d\000e\000l\000\040\000d\000a\000t\000a\000b\000a\000s\000e}{}% 84
\BOOKMARK [0][-]{chapter.12}{\376\377\000n\000e\000s\000t\000\137\000b\000a\000c\000k\000e\000n\000d\000\040\000-\000\040\000W\000e\000b\000\040\000A\000P\000I\000\040\000i\000n\000\040\000P\000y\000t\000h\000o\000n}{}% 85
\BOOKMARK [1][-]{section.12.1}{\376\377\000.\000g\000e\000s\000t\000i\000o\000n\000e\000\040\000-\000\040\000M\000e\000t\000o\000d\000i\000\040\000d\000i\000\040\000u\000t\000i\000l\000i\000t\000y}{chapter.12}% 86
\BOOKMARK [1][-]{section.12.2}{\376\377\000.\000d\000a\000t\000a\000b\000a\000s\000e\000\040\000-\000\040\000D\000a\000t\000a\000b\000a\000s\000e}{chapter.12}% 87
\BOOKMARK [2][-]{subsection.12.2.1}{\376\377\000.\000b\000a\000s\000e\000\040\000-\000\040\000E\000s\000t\000e\000n\000s\000i\000o\000n\000e\000\040\000f\000l\000a\000s\000k}{section.12.2}% 88
\BOOKMARK [2][-]{subsection.12.2.2}{\376\377\000.\000t\000a\000b\000l\000e\000s\000\040\000-\000\040\000T\000a\000b\000e\000l\000l\000e}{section.12.2}% 89
\BOOKMARK [1][-]{section.12.3}{\376\377\000.\000r\000o\000u\000t\000e\000s\000\040\000-\000\040\000P\000e\000r\000c\000o\000r\000s\000i\000\040\000A\000P\000I}{chapter.12}% 90
\BOOKMARK [0][-]{chapter.13}{\376\377\000n\000e\000s\000t\000\137\000c\000r\000a\000w\000l\000e\000r\000\040\000-\000\040\000C\000r\000a\000w\000l\000e\000r\000\040\000i\000n\000\040\000P\000y\000t\000h\000o\000n}{}% 91
\BOOKMARK [0][-]{chapter.14}{\376\377\000n\000e\000s\000t\000\137\000f\000r\000o\000n\000t\000e\000n\000d\000\040\000-\000\040\000I\000n\000t\000e\000r\000f\000a\000c\000c\000i\000a\000\040\000u\000t\000e\000n\000t\000e\000\040\000i\000n\000\040\000R\000e\000a\000c\000t}{}% 92
\BOOKMARK [1][-]{section.14.1}{\376\377\000.\000o\000b\000j\000e\000c\000t\000s\000\040\000-\000\040\000O\000g\000g\000e\000t\000t\000i\000\040\000v\000a\000r\000i\000\040\000d\000i\000\040\000u\000t\000i\000l\000i\000t\000y}{chapter.14}% 93
\BOOKMARK [0][-]{chapter.15}{\376\377\000A\000l\000t\000r\000i\000\040\000c\000o\000l\000l\000e\000g\000a\000m\000e\000n\000t\000i}{}% 94
\BOOKMARK [0][-]{section*.208}{\376\377\000I\000n\000d\000i\000c\000e\000\040\000d\000e\000l\000\040\000m\000o\000d\000u\000l\000o\000\040\000P\000y\000t\000h\000o\000n}{}% 95
\BOOKMARK [0][-]{section*.209}{\376\377\000I\000n\000d\000i\000c\000e}{}% 96
